2013-11-02 22:07:40,514 DEBUG [cn.com.huitong.core.common.Struts2Action] - <nodeName==informPage>
2013-11-02 22:07:40,590 DEBUG [cn.com.huitong.core.common.Struts2Action] - <_queryInformation-------->
2013-11-02 22:07:40,592 DEBUG [cn.com.huitong.model.Information] - <SQL====FROM Information s WHERE 1 = 1 ORDER BY s.informId DESC>
2013-11-02 22:07:40,778 DEBUG [cn.com.huitong.model.Information] - <TotalItems=2>
2013-11-02 22:07:40,942 DEBUG [cn.com.huitong.model.Stock] - <TotalItems=10>
2013-11-02 22:24:36,960 DEBUG [cn.com.huitong.core.common.Struts2Action] - <nodeName==informPage>
2013-11-02 22:24:36,960 DEBUG [cn.com.huitong.core.common.Struts2Action] - <_queryInformation-------->
2013-11-02 22:24:36,961 DEBUG [cn.com.huitong.model.Information] - <SQL====FROM Information s WHERE 1 = 1 ORDER BY s.informId DESC>
2013-11-02 22:24:36,981 DEBUG [cn.com.huitong.model.Information] - <TotalItems=2>
2013-11-02 22:24:37,047 DEBUG [cn.com.huitong.model.Stock] - <TotalItems=10>
2013-11-02 22:26:00,726 DEBUG [cn.com.huitong.core.common.Struts2Action] - <nodeName==informPage>
2013-11-02 22:26:00,726 DEBUG [cn.com.huitong.core.common.Struts2Action] - <_queryInformation-------->
2013-11-02 22:26:00,727 DEBUG [cn.com.huitong.model.Information] - <SQL====FROM Information s WHERE 1 = 1 ORDER BY s.informId DESC>
2013-11-02 22:26:00,738 DEBUG [cn.com.huitong.model.Information] - <TotalItems=2>
2013-11-02 22:26:00,984 DEBUG [cn.com.huitong.model.Stock] - <TotalItems=10>
2013-11-02 22:27:26,211 DEBUG [cn.com.huitong.core.common.Struts2Action] - <nodeName==informPage>
2013-11-02 22:27:26,211 DEBUG [cn.com.huitong.core.common.Struts2Action] - <_queryInformation-------->
2013-11-02 22:27:26,212 DEBUG [cn.com.huitong.model.Information] - <SQL====FROM Information s WHERE 1 = 1 ORDER BY s.informId DESC>
2013-11-02 22:27:26,214 DEBUG [cn.com.huitong.model.Information] - <TotalItems=2>
2013-11-02 22:27:26,270 DEBUG [cn.com.huitong.model.Stock] - <TotalItems=10>
2013-11-02 22:27:28,345 DEBUG [cn.com.huitong.core.common.Struts2Action] - <nodeName==informPage>
2013-11-02 22:27:28,345 DEBUG [cn.com.huitong.core.common.Struts2Action] - <_queryInformation-------->
2013-11-02 22:27:28,346 DEBUG [cn.com.huitong.model.Information] - <SQL====FROM Information s WHERE 1 = 1 ORDER BY s.informId DESC>
2013-11-02 22:27:28,347 DEBUG [cn.com.huitong.model.Information] - <TotalItems=2>
2013-11-02 22:27:28,354 DEBUG [cn.com.huitong.model.Stock] - <TotalItems=10>
2013-11-02 22:27:29,309 DEBUG [cn.com.huitong.core.common.Struts2Action] - <nodeName==economicPage>
2013-11-02 22:27:29,309 DEBUG [cn.com.huitong.core.common.Struts2Action] - <_queryEconomic-------->
2013-11-02 22:27:29,311 DEBUG [cn.com.huitong.model.EconomicCalenda] - <SQL====FROM EconomicCalenda s WHERE 1 = 1 ORDER BY s.economicID DESC>
2013-11-02 22:27:29,336 DEBUG [cn.com.huitong.model.EconomicCalenda] - <TotalItems=2>
2013-11-02 22:27:29,351 DEBUG [cn.com.huitong.model.Stock] - <TotalItems=10>
2013-11-02 22:27:31,260 DEBUG [cn.com.huitong.core.common.Struts2Action] - <nodeName==economicNewsPage>
2013-11-02 22:27:31,260 DEBUG [cn.com.huitong.core.common.Struts2Action] - <_queryEconomic-------->
2013-11-02 22:27:31,261 DEBUG [cn.com.huitong.model.EconomicCalenda] - <SQL====FROM EconomicCalenda s WHERE 1 = 1  AND s.isEvent=:isEvent ORDER BY s.economicID DESC>
2013-11-02 22:27:31,274 DEBUG [cn.com.huitong.model.EconomicCalenda] - <TotalItems=1>
2013-11-02 22:27:31,288 DEBUG [cn.com.huitong.model.Stock] - <TotalItems=10>
2013-11-02 22:27:32,935 DEBUG [cn.com.huitong.core.common.Struts2Action] - <nodeName==informPage>
2013-11-02 22:27:32,935 DEBUG [cn.com.huitong.core.common.Struts2Action] - <_queryInformation-------->
2013-11-02 22:27:32,936 DEBUG [cn.com.huitong.model.Information] - <SQL====FROM Information s WHERE 1 = 1 ORDER BY s.informId DESC>
2013-11-02 22:27:32,937 DEBUG [cn.com.huitong.model.Information] - <TotalItems=2>
2013-11-02 22:27:32,946 DEBUG [cn.com.huitong.model.Stock] - <TotalItems=10>
2013-11-02 22:51:26,481 WARN [cn.com.huitong.util.ContextUtil] - <WARN: securityContext cannot be lookuped using SecurityContextHolder.>
2013-11-02 22:51:40,233 WARN [cn.com.huitong.util.ContextUtil] - <WARN: securityContext cannot be lookuped using SecurityContextHolder.>
2013-11-02 22:51:44,284 WARN [cn.com.huitong.util.ContextUtil] - <WARN: securityContext cannot be lookuped using SecurityContextHolder.>
2013-11-02 22:51:52,862 WARN [cn.com.huitong.util.ContextUtil] - <WARN: securityContext cannot be lookuped using SecurityContextHolder.>
2013-11-02 22:53:04,999 WARN [cn.com.huitong.util.ContextUtil] - <WARN: securityContext cannot be lookuped using SecurityContextHolder.>
2013-11-02 22:58:33,248 WARN [cn.com.huitong.util.ContextUtil] - <WARN: securityContext cannot be lookuped using SecurityContextHolder.>
2013-11-02 23:01:22,403 WARN [cn.com.huitong.util.ContextUtil] - <WARN: securityContext cannot be lookuped using SecurityContextHolder.>
2013-11-02 23:02:19,036 WARN [cn.com.huitong.util.ContextUtil] - <WARN: securityContext cannot be lookuped using SecurityContextHolder.>
2013-11-02 23:02:31,394 WARN [cn.com.huitong.util.ContextUtil] - <WARN: securityContext cannot be lookuped using SecurityContextHolder.>
2013-11-02 23:02:31,544 DEBUG [cn.com.huitong.core.common.Struts2Action] - <nodeName==informPage>
2013-11-02 23:02:31,544 DEBUG [cn.com.huitong.core.common.Struts2Action] - <_queryInformation-------->
2013-11-02 23:02:31,546 DEBUG [cn.com.huitong.model.Information] - <SQL====FROM Information s WHERE 1 = 1 ORDER BY s.informId DESC>
2013-11-02 23:02:31,567 DEBUG [cn.com.huitong.model.Information] - <TotalItems=2>
2013-11-02 23:02:31,644 DEBUG [cn.com.huitong.model.Stock] - <TotalItems=10>
2013-11-02 23:02:36,810 WARN [cn.com.huitong.util.ContextUtil] - <WARN: securityContext cannot be lookuped using SecurityContextHolder.>
2013-11-02 23:02:36,864 DEBUG [cn.com.huitong.core.common.Struts2Action] - <nodeName==informPage>
2013-11-02 23:02:36,865 DEBUG [cn.com.huitong.core.common.Struts2Action] - <_queryInformation-------->
2013-11-02 23:02:36,870 DEBUG [cn.com.huitong.model.Information] - <SQL====FROM Information s WHERE 1 = 1 ORDER BY s.informId DESC>
2013-11-02 23:02:36,872 DEBUG [cn.com.huitong.model.Information] - <TotalItems=2>
2013-11-02 23:02:36,898 DEBUG [cn.com.huitong.model.Stock] - <TotalItems=10>
2013-11-02 23:02:37,850 WARN [cn.com.huitong.util.ContextUtil] - <WARN: securityContext cannot be lookuped using SecurityContextHolder.>
2013-11-02 23:02:37,903 DEBUG [cn.com.huitong.core.common.Struts2Action] - <nodeName==informPage>
2013-11-02 23:02:37,903 DEBUG [cn.com.huitong.core.common.Struts2Action] - <_queryInformation-------->
2013-11-02 23:02:37,907 DEBUG [cn.com.huitong.model.Information] - <SQL====FROM Information s WHERE 1 = 1 ORDER BY s.informId DESC>
2013-11-02 23:02:37,909 DEBUG [cn.com.huitong.model.Information] - <TotalItems=2>
2013-11-02 23:02:37,942 DEBUG [cn.com.huitong.model.Stock] - <TotalItems=10>
2013-11-02 23:02:39,011 WARN [cn.com.huitong.util.ContextUtil] - <WARN: securityContext cannot be lookuped using SecurityContextHolder.>
2013-11-02 23:02:39,081 DEBUG [cn.com.huitong.core.common.Struts2Action] - <nodeName==informPage>
2013-11-02 23:02:39,081 DEBUG [cn.com.huitong.core.common.Struts2Action] - <_queryInformation-------->
2013-11-02 23:02:39,083 DEBUG [cn.com.huitong.model.Information] - <SQL====FROM Information s WHERE 1 = 1 ORDER BY s.informId DESC>
2013-11-02 23:02:39,087 DEBUG [cn.com.huitong.model.Information] - <TotalItems=2>
2013-11-02 23:02:39,125 DEBUG [cn.com.huitong.model.Stock] - <TotalItems=10>
2013-11-02 23:07:24,872 WARN [cn.com.huitong.util.ContextUtil] - <WARN: securityContext cannot be lookuped using SecurityContextHolder.>
2013-11-02 23:07:24,945 DEBUG [cn.com.huitong.core.common.Struts2Action] - <nodeName==informPage>
2013-11-02 23:07:24,945 DEBUG [cn.com.huitong.core.common.Struts2Action] - <_queryInformation-------->
2013-11-02 23:07:24,946 DEBUG [cn.com.huitong.model.Information] - <SQL====FROM Information s WHERE 1 = 1 ORDER BY s.informId DESC>
2013-11-02 23:07:24,949 DEBUG [cn.com.huitong.model.Information] - <TotalItems=2>
2013-11-02 23:07:24,983 DEBUG [cn.com.huitong.model.Stock] - <TotalItems=10>
2013-11-02 23:07:47,219 DEBUG [cn.com.huitong.core.common.Struts2Action] - <nodeName==informPage>
2013-11-02 23:07:47,219 DEBUG [cn.com.huitong.core.common.Struts2Action] - <_queryInformation-------->
2013-11-02 23:07:47,220 DEBUG [cn.com.huitong.model.Information] - <SQL====FROM Information s WHERE 1 = 1 ORDER BY s.informId DESC>
2013-11-02 23:07:47,221 DEBUG [cn.com.huitong.model.Information] - <TotalItems=2>
2013-11-02 23:07:47,264 DEBUG [cn.com.huitong.model.Stock] - <TotalItems=10>
2013-11-02 23:08:29,274 WARN [cn.com.huitong.util.ContextUtil] - <WARN: securityContext cannot be lookuped using SecurityContextHolder.>
2013-11-02 23:28:08,621 DEBUG [cn.com.huitong.core.common.Struts2Action] - <nodeName==informPage>
2013-11-02 23:28:08,621 DEBUG [cn.com.huitong.core.common.Struts2Action] - <_queryInformation-------->
2013-11-02 23:28:08,622 DEBUG [cn.com.huitong.model.Information] - <SQL====FROM Information s WHERE 1 = 1 ORDER BY s.informId DESC>
2013-11-02 23:28:08,645 DEBUG [cn.com.huitong.model.Information] - <TotalItems=2>
2013-11-02 23:28:08,800 DEBUG [cn.com.huitong.model.Stock] - <TotalItems=10>
2013-11-02 23:28:17,058 DEBUG [cn.com.huitong.util.ContextUtil] - <登录用户：admin>
2013-11-02 23:29:24,979 DEBUG [cn.com.huitong.core.common.Struts2Action] - <nodeName==informPage>
2013-11-02 23:29:24,980 DEBUG [cn.com.huitong.core.common.Struts2Action] - <_queryInformation-------->
2013-11-02 23:29:24,988 DEBUG [cn.com.huitong.model.Information] - <SQL====FROM Information s WHERE 1 = 1 ORDER BY s.informId DESC>
2013-11-02 23:29:24,994 DEBUG [cn.com.huitong.model.Information] - <TotalItems=2>
2013-11-02 23:29:25,078 DEBUG [cn.com.huitong.model.Stock] - <TotalItems=10>
2013-11-02 23:29:27,468 DEBUG [cn.com.huitong.util.ContextUtil] - <登录用户：admin>
2013-11-02 23:30:54,216 DEBUG [cn.com.huitong.core.common.Struts2Action] - <nodeName==informPage>
2013-11-02 23:30:54,216 DEBUG [cn.com.huitong.core.common.Struts2Action] - <_queryInformation-------->
2013-11-02 23:30:54,218 DEBUG [cn.com.huitong.model.Information] - <SQL====FROM Information s WHERE 1 = 1 ORDER BY s.informId DESC>
2013-11-02 23:30:54,219 DEBUG [cn.com.huitong.model.Information] - <TotalItems=2>
2013-11-02 23:30:54,369 DEBUG [cn.com.huitong.model.Stock] - <TotalItems=10>
2013-11-02 23:30:54,650 DEBUG [cn.com.huitong.util.ContextUtil] - <登录用户：admin>
2013-11-02 23:31:51,035 DEBUG [cn.com.huitong.core.common.Struts2Action] - <nodeName==informPage>
2013-11-02 23:31:51,035 DEBUG [cn.com.huitong.core.common.Struts2Action] - <_queryInformation-------->
2013-11-02 23:31:51,039 DEBUG [cn.com.huitong.model.Information] - <SQL====FROM Information s WHERE 1 = 1 ORDER BY s.informId DESC>
2013-11-02 23:31:51,041 DEBUG [cn.com.huitong.model.Information] - <TotalItems=2>
2013-11-02 23:31:51,051 DEBUG [cn.com.huitong.model.Stock] - <TotalItems=10>
2013-11-02 23:31:51,338 DEBUG [cn.com.huitong.util.ContextUtil] - <登录用户：admin>
2013-11-02 23:32:17,439 DEBUG [cn.com.huitong.core.common.Struts2Action] - <nodeName==informPage>
2013-11-02 23:32:17,439 DEBUG [cn.com.huitong.core.common.Struts2Action] - <_queryInformation-------->
2013-11-02 23:32:17,444 DEBUG [cn.com.huitong.model.Information] - <SQL====FROM Information s WHERE 1 = 1 ORDER BY s.informId DESC>
2013-11-02 23:32:17,445 DEBUG [cn.com.huitong.model.Information] - <TotalItems=2>
2013-11-02 23:32:17,466 DEBUG [cn.com.huitong.model.Stock] - <TotalItems=10>
2013-11-02 23:32:17,502 DEBUG [cn.com.huitong.util.ContextUtil] - <登录用户：admin>
2013-12-28 17:52:52,796 ERROR [org.apache.struts2.dispatcher.Dispatcher] - <Dispatcher initialization failed>
Unable to load configuration. - action - file:/F:/huitong/svn/stockWeb/trunk/stock/webapp/WEB-INF/classes/struts/struts-mobile.xml:21:61
	at com.opensymphony.xwork2.config.ConfigurationManager.getConfiguration(ConfigurationManager.java:70)
	at org.apache.struts2.dispatcher.Dispatcher.init_PreloadConfiguration(Dispatcher.java:446)
	at org.apache.struts2.dispatcher.Dispatcher.init(Dispatcher.java:490)
	at org.apache.struts2.dispatcher.ng.InitOperations.initDispatcher(InitOperations.java:74)
	at org.apache.struts2.dispatcher.ng.filter.StrutsPrepareAndExecuteFilter.init(StrutsPrepareAndExecuteFilter.java:57)
	at org.apache.catalina.core.ApplicationFilterConfig.getFilter(ApplicationFilterConfig.java:295)
	at org.apache.catalina.core.ApplicationFilterConfig.setFilterDef(ApplicationFilterConfig.java:424)
	at org.apache.catalina.core.ApplicationFilterConfig.<init>(ApplicationFilterConfig.java:115)
	at org.apache.catalina.core.StandardContext.filterStart(StandardContext.java:4072)
	at org.apache.catalina.core.StandardContext.start(StandardContext.java:4726)
	at org.apache.catalina.core.ContainerBase.addChildInternal(ContainerBase.java:799)
	at org.apache.catalina.core.ContainerBase.addChild(ContainerBase.java:779)
	at org.apache.catalina.core.StandardHost.addChild(StandardHost.java:601)
	at org.apache.catalina.startup.HostConfig.deployDescriptor(HostConfig.java:675)
	at org.apache.catalina.startup.HostConfig.deployDescriptors(HostConfig.java:601)
	at org.apache.catalina.startup.HostConfig.deployApps(HostConfig.java:502)
	at org.apache.catalina.startup.HostConfig.start(HostConfig.java:1317)
	at org.apache.catalina.startup.HostConfig.lifecycleEvent(HostConfig.java:324)
	at org.apache.catalina.util.LifecycleSupport.fireLifecycleEvent(LifecycleSupport.java:142)
	at org.apache.catalina.core.ContainerBase.start(ContainerBase.java:1065)
	at org.apache.catalina.core.StandardHost.start(StandardHost.java:840)
	at org.apache.catalina.core.ContainerBase.start(ContainerBase.java:1057)
	at org.apache.catalina.core.StandardEngine.start(StandardEngine.java:463)
	at org.apache.catalina.core.StandardService.start(StandardService.java:525)
	at org.apache.catalina.core.StandardServer.start(StandardServer.java:754)
	at org.apache.catalina.startup.Catalina.start(Catalina.java:595)
	at sun.reflect.NativeMethodAccessorImpl.invoke0(Native Method)
	at sun.reflect.NativeMethodAccessorImpl.invoke(NativeMethodAccessorImpl.java:57)
	at sun.reflect.DelegatingMethodAccessorImpl.invoke(DelegatingMethodAccessorImpl.java:43)
	at java.lang.reflect.Method.invoke(Method.java:606)
	at org.apache.catalina.startup.Bootstrap.start(Bootstrap.java:289)
	at org.apache.catalina.startup.Bootstrap.main(Bootstrap.java:414)
Caused by: Error building results for action index in namespace /android - action - file:/F:/huitong/svn/stockWeb/trunk/stock/webapp/WEB-INF/classes/struts/struts-mobile.xml:21:61
	at com.opensymphony.xwork2.config.providers.XmlConfigurationProvider.addAction(XmlConfigurationProvider.java:437)
	at com.opensymphony.xwork2.config.providers.XmlConfigurationProvider.addPackage(XmlConfigurationProvider.java:552)
	at com.opensymphony.xwork2.config.providers.XmlConfigurationProvider.loadPackages(XmlConfigurationProvider.java:292)
	at org.apache.struts2.config.StrutsXmlConfigurationProvider.loadPackages(StrutsXmlConfigurationProvider.java:112)
	at com.opensymphony.xwork2.config.impl.DefaultConfiguration.reloadContainer(DefaultConfiguration.java:250)
	at com.opensymphony.xwork2.config.ConfigurationManager.getConfiguration(ConfigurationManager.java:67)
	... 31 more
Caused by: There is no result type defined for type 'json' mapped with name 'success'.  Did you mean 'json'? - result - file:/F:/huitong/svn/stockWeb/trunk/stock/webapp/WEB-INF/classes/struts/struts-mobile.xml:22:33
	at com.opensymphony.xwork2.config.providers.XmlConfigurationProvider.buildResults(XmlConfigurationProvider.java:721)
	at com.opensymphony.xwork2.config.providers.XmlConfigurationProvider.addAction(XmlConfigurationProvider.java:435)
	... 36 more
2013-12-28 17:55:00,250 ERROR [org.apache.struts2.dispatcher.Dispatcher] - <Dispatcher initialization failed>
Unable to load configuration. - action - file:/F:/huitong/svn/stockWeb/trunk/stock/webapp/WEB-INF/classes/struts/struts-mobile.xml:21:61
	at com.opensymphony.xwork2.config.ConfigurationManager.getConfiguration(ConfigurationManager.java:70)
	at org.apache.struts2.dispatcher.Dispatcher.init_PreloadConfiguration(Dispatcher.java:446)
	at org.apache.struts2.dispatcher.Dispatcher.init(Dispatcher.java:490)
	at org.apache.struts2.dispatcher.ng.InitOperations.initDispatcher(InitOperations.java:74)
	at org.apache.struts2.dispatcher.ng.filter.StrutsPrepareAndExecuteFilter.init(StrutsPrepareAndExecuteFilter.java:57)
	at org.apache.catalina.core.ApplicationFilterConfig.getFilter(ApplicationFilterConfig.java:295)
	at org.apache.catalina.core.ApplicationFilterConfig.setFilterDef(ApplicationFilterConfig.java:424)
	at org.apache.catalina.core.ApplicationFilterConfig.<init>(ApplicationFilterConfig.java:115)
	at org.apache.catalina.core.StandardContext.filterStart(StandardContext.java:4072)
	at org.apache.catalina.core.StandardContext.start(StandardContext.java:4726)
	at org.apache.catalina.core.ContainerBase.addChildInternal(ContainerBase.java:799)
	at org.apache.catalina.core.ContainerBase.addChild(ContainerBase.java:779)
	at org.apache.catalina.core.StandardHost.addChild(StandardHost.java:601)
	at org.apache.catalina.startup.HostConfig.deployDescriptor(HostConfig.java:675)
	at org.apache.catalina.startup.HostConfig.deployDescriptors(HostConfig.java:601)
	at org.apache.catalina.startup.HostConfig.deployApps(HostConfig.java:502)
	at org.apache.catalina.startup.HostConfig.start(HostConfig.java:1317)
	at org.apache.catalina.startup.HostConfig.lifecycleEvent(HostConfig.java:324)
	at org.apache.catalina.util.LifecycleSupport.fireLifecycleEvent(LifecycleSupport.java:142)
	at org.apache.catalina.core.ContainerBase.start(ContainerBase.java:1065)
	at org.apache.catalina.core.StandardHost.start(StandardHost.java:840)
	at org.apache.catalina.core.ContainerBase.start(ContainerBase.java:1057)
	at org.apache.catalina.core.StandardEngine.start(StandardEngine.java:463)
	at org.apache.catalina.core.StandardService.start(StandardService.java:525)
	at org.apache.catalina.core.StandardServer.start(StandardServer.java:754)
	at org.apache.catalina.startup.Catalina.start(Catalina.java:595)
	at sun.reflect.NativeMethodAccessorImpl.invoke0(Native Method)
	at sun.reflect.NativeMethodAccessorImpl.invoke(NativeMethodAccessorImpl.java:57)
	at sun.reflect.DelegatingMethodAccessorImpl.invoke(DelegatingMethodAccessorImpl.java:43)
	at java.lang.reflect.Method.invoke(Method.java:606)
	at org.apache.catalina.startup.Bootstrap.start(Bootstrap.java:289)
	at org.apache.catalina.startup.Bootstrap.main(Bootstrap.java:414)
Caused by: Error building results for action index in namespace /android - action - file:/F:/huitong/svn/stockWeb/trunk/stock/webapp/WEB-INF/classes/struts/struts-mobile.xml:21:61
	at com.opensymphony.xwork2.config.providers.XmlConfigurationProvider.addAction(XmlConfigurationProvider.java:437)
	at com.opensymphony.xwork2.config.providers.XmlConfigurationProvider.addPackage(XmlConfigurationProvider.java:552)
	at com.opensymphony.xwork2.config.providers.XmlConfigurationProvider.loadPackages(XmlConfigurationProvider.java:292)
	at org.apache.struts2.config.StrutsXmlConfigurationProvider.loadPackages(StrutsXmlConfigurationProvider.java:112)
	at com.opensymphony.xwork2.config.impl.DefaultConfiguration.reloadContainer(DefaultConfiguration.java:250)
	at com.opensymphony.xwork2.config.ConfigurationManager.getConfiguration(ConfigurationManager.java:67)
	... 31 more
Caused by: There is no result type defined for type 'json' mapped with name 'success'.  Did you mean 'json'? - result - file:/F:/huitong/svn/stockWeb/trunk/stock/webapp/WEB-INF/classes/struts/struts-mobile.xml:22:33
	at com.opensymphony.xwork2.config.providers.XmlConfigurationProvider.buildResults(XmlConfigurationProvider.java:721)
	at com.opensymphony.xwork2.config.providers.XmlConfigurationProvider.addAction(XmlConfigurationProvider.java:435)
	... 36 more
